# JRE version: OpenJDK Runtime Environment Temurin-17.0.9+9 (17.0.9+9) (build 17.0.9+9)
# Java VM: OpenJDK 64-Bit Server VM Temurin-17.0.9+9 (17.0.9+9, mixed mode, tiered, compressed oops, compressed class ptrs, parallel gc, windows-amd64)
GC Precious Log:
 CPUs: 4 total, 4 available
 Memory: 3917M
 Large Page Support: Disabled
 NUMA Support: Disabled
 Compressed Oops: Enabled (32-bit)
 Alignments: Space 512K, Generation 512K, Heap 2M
 Heap Min Capacity: 100M
 Heap Initial Capacity: 100M
 Heap Max Capacity: 1G
 Pre-touch: Disabled
 Parallel Workers: 4
Heap:
 PSYoungGen      total 4608K, used 1096K [0x00000000eab00000, 0x00000000eb100000, 0x0000000100000000)
  eden space 3072K, 30% used [0x00000000eab00000,0x00000000eabea1f0,0x00000000eae00000)
  from space 1536K, 10% used [0x00000000eae80000,0x00000000eaea8000,0x00000000eb000000)
  to   space 512K, 0% used [0x00000000eb080000,0x00000000eb080000,0x00000000eb100000)
 ParOldGen       total 99328K, used 87971K [0x00000000c0000000, 0x00000000c6100000, 0x00000000eab00000)
  object space 99328K, 88% used [0x00000000c0000000,0x00000000c55e8e80,0x00000000c6100000)
 Metaspace       used 74508K, committed 75712K, reserved 1179648K
  class space    used 7816K, committed 8320K, reserved 1048576K
GC Heap History (20 events):
Event: 578.446 GC heap before
{Heap before GC invocations=249 (full 8):
 PSYoungGen      total 2048K, used 2047K [0x00000000eab00000, 0x00000000eb080000, 0x0000000100000000)
  eden space 1024K, 99% used [0x00000000eab00000,0x00000000eabfffe0,0x00000000eac00000)
  from space 1024K, 100% used [0x00000000eac00000,0x00000000ead00000,0x00000000ead00000)
  to   space 2048K, 0% used [0x00000000eae80000,0x00000000eae80000,0x00000000eb080000)
 ParOldGen       total 99328K, used 79734K [0x00000000c0000000, 0x00000000c6100000, 0x00000000eab00000)
  object space 99328K, 80% used [0x00000000c0000000,0x00000000c4dddba8,0x00000000c6100000)
 Metaspace       used 74433K, committed 75648K, reserved 1179648K
  class space    used 7814K, committed 8320K, reserved 1048576K
}
Event: 578.453 GC heap after
{Heap after GC invocations=249 (full 8):
 PSYoungGen      total 2560K, used 800K [0x00000000eab00000, 0x00000000eaf80000, 0x0000000100000000)
  eden space 1536K, 0% used [0x00000000eab00000,0x00000000eab00000,0x00000000eac80000)
  from space 1024K, 78% used [0x00000000eae80000,0x00000000eaf48000,0x00000000eaf80000)
  to   space 1536K, 0% used [0x00000000eac80000,0x00000000eac80000,0x00000000eae00000)
 ParOldGen       total 99328K, used 80742K [0x00000000c0000000, 0x00000000c6100000, 0x00000000eab00000)
  object space 99328K, 81% used [0x00000000c0000000,0x00000000c4ed9ba8,0x00000000c6100000)
 Metaspace       used 74433K, committed 75648K, reserved 1179648K
  class space    used 7814K, committed 8320K, reserved 1048576K
}
Event: 578.653 GC heap before
{Heap before GC invocations=250 (full 8):
 PSYoungGen      total 2560K, used 2335K [0x00000000eab00000, 0x00000000eaf80000, 0x0000000100000000)
  eden space 1536K, 99% used [0x00000000eab00000,0x00000000eac7ffe8,0x00000000eac80000)
  from space 1024K, 78% used [0x00000000eae80000,0x00000000eaf48000,0x00000000eaf80000)
  to   space 1536K, 0% used [0x00000000eac80000,0x00000000eac80000,0x00000000eae00000)
 ParOldGen       total 99328K, used 80742K [0x00000000c0000000, 0x00000000c6100000, 0x00000000eab00000)
  object space 99328K, 81% used [0x00000000c0000000,0x00000000c4ed9ba8,0x00000000c6100000)
 Metaspace       used 74439K, committed 75648K, reserved 1179648K
  class space    used 7814K, committed 8320K, reserved 1048576K
}
Event: 578.655 GC heap after
{Heap after GC invocations=250 (full 8):
 PSYoungGen      total 3072K, used 224K [0x00000000eab00000, 0x00000000eaf00000, 0x0000000100000000)
  eden space 1536K, 0% used [0x00000000eab00000,0x00000000eab00000,0x00000000eac80000)
  from space 1536K, 14% used [0x00000000eac80000,0x00000000eacb8000,0x00000000eae00000)
  to   space 512K, 0% used [0x00000000eae80000,0x00000000eae80000,0x00000000eaf00000)
 ParOldGen       total 99328K, used 81310K [0x00000000c0000000, 0x00000000c6100000, 0x00000000eab00000)
  object space 99328K, 81% used [0x00000000c0000000,0x00000000c4f67ba8,0x00000000c6100000)
 Metaspace       used 74439K, committed 75648K, reserved 1179648K
  class space    used 7814K, committed 8320K, reserved 1048576K
}
Event: 578.670 GC heap before
{Heap before GC invocations=251 (full 8):
 PSYoungGen      total 3072K, used 1760K [0x00000000eab00000, 0x00000000eaf00000, 0x0000000100000000)
  eden space 1536K, 100% used [0x00000000eab00000,0x00000000eac80000,0x00000000eac80000)
  from space 1536K, 14% used [0x00000000eac80000,0x00000000eacb8000,0x00000000eae00000)
  to   space 512K, 0% used [0x00000000eae80000,0x00000000eae80000,0x00000000eaf00000)
 ParOldGen       total 99328K, used 81310K [0x00000000c0000000, 0x00000000c6100000, 0x00000000eab00000)
  object space 99328K, 81% used [0x00000000c0000000,0x00000000c4f67ba8,0x00000000c6100000)
 Metaspace       used 74442K, committed 75648K, reserved 1179648K
  class space    used 7814K, committed 8320K, reserved 1048576K
}
Event: 578.676 GC heap after
{Heap after GC invocations=251 (full 8):
 PSYoungGen      total 2560K, used 481K [0x00000000eab00000, 0x00000000eb000000, 0x0000000100000000)
  eden space 2048K, 0% used [0x00000000eab00000,0x00000000eab00000,0x00000000ead00000)
  from space 512K, 93% used [0x00000000eae80000,0x00000000eaef8448,0x00000000eaf00000)
  to   space 1536K, 0% used [0x00000000ead00000,0x00000000ead00000,0x00000000eae80000)
 ParOldGen       total 99328K, used 82045K [0x00000000c0000000, 0x00000000c6100000, 0x00000000eab00000)
  object space 99328K, 82% used [0x00000000c0000000,0x00000000c501f470,0x00000000c6100000)
 Metaspace       used 74442K, committed 75648K, reserved 1179648K
  class space    used 7814K, committed 8320K, reserved 1048576K
}
Event: 578.685 GC heap before
{Heap before GC invocations=252 (full 8):
 PSYoungGen      total 2560K, used 2529K [0x00000000eab00000, 0x00000000eb000000, 0x0000000100000000)
  eden space 2048K, 99% used [0x00000000eab00000,0x00000000eacfffe8,0x00000000ead00000)
  from space 512K, 93% used [0x00000000eae80000,0x00000000eaef8448,0x00000000eaf00000)
  to   space 1536K, 0% used [0x00000000ead00000,0x00000000ead00000,0x00000000eae80000)
 ParOldGen       total 99328K, used 82045K [0x00000000c0000000, 0x00000000c6100000, 0x00000000eab00000)
  object space 99328K, 82% used [0x00000000c0000000,0x00000000c501f470,0x00000000c6100000)
 Metaspace       used 74442K, committed 75648K, reserved 1179648K
  class space    used 7814K, committed 8320K, reserved 1048576K
}
Event: 578.691 GC heap after
{Heap after GC invocations=252 (full 8):
 PSYoungGen      total 3584K, used 1536K [0x00000000eab00000, 0x00000000eb380000, 0x0000000100000000)
  eden space 2048K, 0% used [0x00000000eab00000,0x00000000eab00000,0x00000000ead00000)
  from space 1536K, 100% used [0x00000000ead00000,0x00000000eae80000,0x00000000eae80000)
  to   space 3072K, 0% used [0x00000000eb080000,0x00000000eb080000,0x00000000eb380000)
 ParOldGen       total 99328K, used 82950K [0x00000000c0000000, 0x00000000c6100000, 0x00000000eab00000)
  object space 99328K, 83% used [0x00000000c0000000,0x00000000c51018b8,0x00000000c6100000)
 Metaspace       used 74442K, committed 75648K, reserved 1179648K
  class space    used 7814K, committed 8320K, reserved 1048576K
}
Event: 578.940 GC heap before
{Heap before GC invocations=253 (full 8):
 PSYoungGen      total 3584K, used 3584K [0x00000000eab00000, 0x00000000eb380000, 0x0000000100000000)
  eden space 2048K, 100% used [0x00000000eab00000,0x00000000ead00000,0x00000000ead00000)
  from space 1536K, 100% used [0x00000000ead00000,0x00000000eae80000,0x00000000eae80000)
  to   space 3072K, 0% used [0x00000000eb080000,0x00000000eb080000,0x00000000eb380000)
 ParOldGen       total 99328K, used 82950K [0x00000000c0000000, 0x00000000c6100000, 0x00000000eab00000)
  object space 99328K, 83% used [0x00000000c0000000,0x00000000c51018b8,0x00000000c6100000)
 Metaspace       used 74447K, committed 75648K, reserved 1179648K
  class space    used 7814K, committed 8320K, reserved 1048576K
}
Event: 578.963 GC heap after
{Heap after GC invocations=253 (full 8):
 PSYoungGen      total 3584K, used 800K [0x00000000eab00000, 0x00000000eb180000, 0x0000000100000000)
  eden space 2560K, 0% used [0x00000000eab00000,0x00000000eab00000,0x00000000ead80000)
  from space 1024K, 78% used [0x00000000eb080000,0x00000000eb148000,0x00000000eb180000)
  to   space 1536K, 0% used [0x00000000eae80000,0x00000000eae80000,0x00000000eb000000)
 ParOldGen       total 99328K, used 84526K [0x00000000c0000000, 0x00000000c6100000, 0x00000000eab00000)
  object space 99328K, 85% used [0x00000000c0000000,0x00000000c528b8b8,0x00000000c6100000)
 Metaspace       used 74447K, committed 75648K, reserved 1179648K
  class space    used 7814K, committed 8320K, reserved 1048576K
}
Event: 580.116 GC heap before
{Heap before GC invocations=254 (full 8):
 PSYoungGen      total 3584K, used 3360K [0x00000000eab00000, 0x00000000eb180000, 0x0000000100000000)
  eden space 2560K, 100% used [0x00000000eab00000,0x00000000ead80000,0x00000000ead80000)
  from space 1024K, 78% used [0x00000000eb080000,0x00000000eb148000,0x00000000eb180000)
  to   space 1536K, 0% used [0x00000000eae80000,0x00000000eae80000,0x00000000eb000000)
 ParOldGen       total 99328K, used 84526K [0x00000000c0000000, 0x00000000c6100000, 0x00000000eab00000)
  object space 99328K, 85% used [0x00000000c0000000,0x00000000c528b8b8,0x00000000c6100000)
 Metaspace       used 74454K, committed 75648K, reserved 1179648K
  class space    used 7814K, committed 8320K, reserved 1048576K
}
Event: 580.123 GC heap after
{Heap after GC invocations=254 (full 8):
 PSYoungGen      total 4096K, used 128K [0x00000000eab00000, 0x00000000eb100000, 0x0000000100000000)
  eden space 2560K, 0% used [0x00000000eab00000,0x00000000eab00000,0x00000000ead80000)
  from space 1536K, 8% used [0x00000000eae80000,0x00000000eaea0000,0x00000000eb000000)
  to   space 512K, 0% used [0x00000000eb080000,0x00000000eb080000,0x00000000eb100000)
 ParOldGen       total 99328K, used 85270K [0x00000000c0000000, 0x00000000c6100000, 0x00000000eab00000)
  object space 99328K, 85% used [0x00000000c0000000,0x00000000c53458b8,0x00000000c6100000)
 Metaspace       used 74454K, committed 75648K, reserved 1179648K
  class space    used 7814K, committed 8320K, reserved 1048576K
}
Event: 580.985 GC heap before
{Heap before GC invocations=255 (full 8):
 PSYoungGen      total 4096K, used 2688K [0x00000000eab00000, 0x00000000eb100000, 0x0000000100000000)
  eden space 2560K, 100% used [0x00000000eab00000,0x00000000ead80000,0x00000000ead80000)
  from space 1536K, 8% used [0x00000000eae80000,0x00000000eaea0000,0x00000000eb000000)
  to   space 512K, 0% used [0x00000000eb080000,0x00000000eb080000,0x00000000eb100000)
 ParOldGen       total 99328K, used 85270K [0x00000000c0000000, 0x00000000c6100000, 0x00000000eab00000)
  object space 99328K, 85% used [0x00000000c0000000,0x00000000c53458b8,0x00000000c6100000)
 Metaspace       used 74454K, committed 75648K, reserved 1179648K
  class space    used 7814K, committed 8320K, reserved 1048576K
}
Event: 580.987 GC heap after
{Heap after GC invocations=255 (full 8):
 PSYoungGen      total 3072K, used 96K [0x00000000eab00000, 0x00000000eb100000, 0x0000000100000000)
  eden space 2560K, 0% used [0x00000000eab00000,0x00000000eab00000,0x00000000ead80000)
  from space 512K, 18% used [0x00000000eb080000,0x00000000eb098000,0x00000000eb100000)
  to   space 512K, 0% used [0x00000000eb000000,0x00000000eb000000,0x00000000eb080000)
 ParOldGen       total 99328K, used 85302K [0x00000000c0000000, 0x00000000c6100000, 0x00000000eab00000)
  object space 99328K, 85% used [0x00000000c0000000,0x00000000c534d8b8,0x00000000c6100000)
 Metaspace       used 74454K, committed 75648K, reserved 1179648K
  class space    used 7814K, committed 8320K, reserved 1048576K
}
Event: 581.012 GC heap before
{Heap before GC invocations=256 (full 8):
 PSYoungGen      total 3072K, used 2656K [0x00000000eab00000, 0x00000000eb100000, 0x0000000100000000)
  eden space 2560K, 100% used [0x00000000eab00000,0x00000000ead80000,0x00000000ead80000)
  from space 512K, 18% used [0x00000000eb080000,0x00000000eb098000,0x00000000eb100000)
  to   space 512K, 0% used [0x00000000eb000000,0x00000000eb000000,0x00000000eb080000)
 ParOldGen       total 99328K, used 85302K [0x00000000c0000000, 0x00000000c6100000, 0x00000000eab00000)
  object space 99328K, 85% used [0x00000000c0000000,0x00000000c534d8b8,0x00000000c6100000)
 Metaspace       used 74458K, committed 75648K, reserved 1179648K
  class space    used 7814K, committed 8320K, reserved 1048576K
}
Event: 581.027 GC heap after
{Heap after GC invocations=256 (full 8):
 PSYoungGen      total 3584K, used 481K [0x00000000eab00000, 0x00000000eb300000, 0x0000000100000000)
  eden space 3072K, 0% used [0x00000000eab00000,0x00000000eab00000,0x00000000eae00000)
  from space 512K, 93% used [0x00000000eb000000,0x00000000eb078448,0x00000000eb080000)
  to   space 2560K, 0% used [0x00000000eb080000,0x00000000eb080000,0x00000000eb300000)
 ParOldGen       total 99328K, used 87004K [0x00000000c0000000, 0x00000000c6100000, 0x00000000eab00000)
  object space 99328K, 87% used [0x00000000c0000000,0x00000000c54f7180,0x00000000c6100000)
 Metaspace       used 74458K, committed 75648K, reserved 1179648K
  class space    used 7814K, committed 8320K, reserved 1048576K
}
Event: 581.047 GC heap before
{Heap before GC invocations=257 (full 8):
 PSYoungGen      total 3584K, used 3553K [0x00000000eab00000, 0x00000000eb300000, 0x0000000100000000)
  eden space 3072K, 100% used [0x00000000eab00000,0x00000000eae00000,0x00000000eae00000)
  from space 512K, 93% used [0x00000000eb000000,0x00000000eb078448,0x00000000eb080000)
  to   space 2560K, 0% used [0x00000000eb080000,0x00000000eb080000,0x00000000eb300000)
 ParOldGen       total 99328K, used 87004K [0x00000000c0000000, 0x00000000c6100000, 0x00000000eab00000)
  object space 99328K, 87% used [0x00000000c0000000,0x00000000c54f7180,0x00000000c6100000)
 Metaspace       used 74458K, committed 75648K, reserved 1179648K
  class space    used 7814K, committed 8320K, reserved 1048576K
}
Event: 581.051 GC heap after
{Heap after GC invocations=257 (full 8):
 PSYoungGen      total 4096K, used 896K [0x00000000eab00000, 0x00000000eb180000, 0x0000000100000000)
  eden space 3072K, 0% used [0x00000000eab00000,0x00000000eab00000,0x00000000eae00000)
  from space 1024K, 87% used [0x00000000eb080000,0x00000000eb160000,0x00000000eb180000)
  to   space 1536K, 0% used [0x00000000eae80000,0x00000000eae80000,0x00000000eb000000)
 ParOldGen       total 99328K, used 87188K [0x00000000c0000000, 0x00000000c6100000, 0x00000000eab00000)
  object space 99328K, 87% used [0x00000000c0000000,0x00000000c5525180,0x00000000c6100000)
 Metaspace       used 74458K, committed 75648K, reserved 1179648K
  class space    used 7814K, committed 8320K, reserved 1048576K
}
Event: 581.467 GC heap before
{Heap before GC invocations=258 (full 8):
 PSYoungGen      total 4096K, used 3968K [0x00000000eab00000, 0x00000000eb180000, 0x0000000100000000)
  eden space 3072K, 100% used [0x00000000eab00000,0x00000000eae00000,0x00000000eae00000)
  from space 1024K, 87% used [0x00000000eb080000,0x00000000eb160000,0x00000000eb180000)
  to   space 1536K, 0% used [0x00000000eae80000,0x00000000eae80000,0x00000000eb000000)
 ParOldGen       total 99328K, used 87188K [0x00000000c0000000, 0x00000000c6100000, 0x00000000eab00000)
  object space 99328K, 87% used [0x00000000c0000000,0x00000000c5525180,0x00000000c6100000)
 Metaspace       used 74497K, committed 75712K, reserved 1179648K
  class space    used 7816K, committed 8320K, reserved 1048576K
}
Event: 581.481 GC heap after
{Heap after GC invocations=258 (full 8):
 PSYoungGen      total 4608K, used 160K [0x00000000eab00000, 0x00000000eb100000, 0x0000000100000000)
  eden space 3072K, 0% used [0x00000000eab00000,0x00000000eab00000,0x00000000eae00000)
  from space 1536K, 10% used [0x00000000eae80000,0x00000000eaea8000,0x00000000eb000000)
  to   space 512K, 0% used [0x00000000eb080000,0x00000000eb080000,0x00000000eb100000)
 ParOldGen       total 99328K, used 87971K [0x00000000c0000000, 0x00000000c6100000, 0x00000000eab00000)
  object space 99328K, 88% used [0x00000000c0000000,0x00000000c55e8e80,0x00000000c6100000)
 Metaspace       used 74497K, committed 75712K, reserved 1179648K
  class space    used 7816K, committed 8320K, reserved 1048576K
}

